2021-02-17 05:38:42 [WARN ] com.zaxxer.hikari.pool.HikariPool - HikariPool-2 - Thread starvation or clock leap detected (housekeeper delta=6h48m34s348ms309µs700ns).
2021-02-17 05:38:43 [DEBUG] com.zaxxer.hikari.pool.HikariPool - HikariPool-2 - Pool stats (total=10, active=0, idle=10, waiting=0)
2021-02-17 05:38:43 [DEBUG] com.zaxxer.hikari.pool.HikariPool - HikariPool-2 - Fill pool skipped, pool is at sufficient level.
2021-02-17 05:38:43 [DEBUG] com.zaxxer.hikari.pool.HikariPool - HikariPool-2 - Add connection elided, waiting 0, queue 1
2021-02-17 05:38:43 [DEBUG] com.zaxxer.hikari.pool.HikariPool - HikariPool-2 - Add connection elided, waiting 0, queue 1
2021-02-17 05:38:43 [DEBUG] com.zaxxer.hikari.pool.HikariPool - HikariPool-2 - Add connection elided, waiting 0, queue 1
2021-02-17 05:38:43 [DEBUG] com.zaxxer.hikari.pool.HikariPool - HikariPool-2 - Add connection elided, waiting 0, queue 1
2021-02-17 05:38:43 [DEBUG] com.zaxxer.hikari.pool.HikariPool - HikariPool-2 - Add connection elided, waiting 0, queue 1
2021-02-17 05:38:43 [DEBUG] com.zaxxer.hikari.pool.HikariPool - HikariPool-2 - Add connection elided, waiting 0, queue 1
2021-02-17 05:38:43 [DEBUG] com.zaxxer.hikari.pool.HikariPool - HikariPool-2 - Add connection elided, waiting 0, queue 1
2021-02-17 05:38:43 [DEBUG] com.zaxxer.hikari.pool.HikariPool - HikariPool-2 - Add connection elided, waiting 0, queue 1
2021-02-17 05:38:43 [DEBUG] com.zaxxer.hikari.pool.PoolBase - HikariPool-2 - Closing connection net.sf.log4jdbc.sql.jdbcapi.ConnectionSpy@618cbbf: (connection has passed maxLifetime)
2021-02-17 05:38:43 [DEBUG] com.zaxxer.hikari.pool.PoolBase - HikariPool-2 - Closing connection net.sf.log4jdbc.sql.jdbcapi.ConnectionSpy@2344c02c: (connection has passed maxLifetime)
2021-02-17 05:38:43 [DEBUG] com.zaxxer.hikari.pool.HikariPool - HikariPool-2 - Fill pool skipped, pool is at sufficient level.
2021-02-17 05:38:43 [DEBUG] com.zaxxer.hikari.pool.PoolBase - HikariPool-2 - Closing connection net.sf.log4jdbc.sql.jdbcapi.ConnectionSpy@2563558: (connection has passed maxLifetime)
2021-02-17 05:38:43 [DEBUG] com.zaxxer.hikari.pool.HikariPool - HikariPool-2 - Fill pool skipped, pool is at sufficient level.
2021-02-17 05:38:43 [DEBUG] com.zaxxer.hikari.pool.PoolBase - HikariPool-2 - Closing connection net.sf.log4jdbc.sql.jdbcapi.ConnectionSpy@7b163e9c: (connection has passed maxLifetime)
2021-02-17 05:38:43 [DEBUG] com.zaxxer.hikari.pool.HikariPool - HikariPool-2 - Fill pool skipped, pool is at sufficient level.
2021-02-17 05:38:43 [DEBUG] com.zaxxer.hikari.pool.PoolBase - HikariPool-2 - Closing connection net.sf.log4jdbc.sql.jdbcapi.ConnectionSpy@43da54cb: (connection has passed maxLifetime)
2021-02-17 05:38:43 [DEBUG] com.zaxxer.hikari.pool.HikariPool - HikariPool-2 - Fill pool skipped, pool is at sufficient level.
2021-02-17 05:38:43 [DEBUG] com.zaxxer.hikari.pool.PoolBase - HikariPool-2 - Closing connection net.sf.log4jdbc.sql.jdbcapi.ConnectionSpy@5351aeb1: (connection has passed maxLifetime)
2021-02-17 05:38:43 [DEBUG] com.zaxxer.hikari.pool.HikariPool - HikariPool-2 - Fill pool skipped, pool is at sufficient level.
2021-02-17 05:38:43 [DEBUG] com.zaxxer.hikari.pool.PoolBase - HikariPool-2 - Closing connection net.sf.log4jdbc.sql.jdbcapi.ConnectionSpy@68907f3: (connection has passed maxLifetime)
2021-02-17 05:38:43 [DEBUG] com.zaxxer.hikari.pool.HikariPool - HikariPool-2 - Fill pool skipped, pool is at sufficient level.
2021-02-17 05:38:43 [DEBUG] com.zaxxer.hikari.pool.PoolBase - HikariPool-2 - Closing connection net.sf.log4jdbc.sql.jdbcapi.ConnectionSpy@6279ca17: (connection has passed maxLifetime)
2021-02-17 05:38:43 [DEBUG] com.zaxxer.hikari.pool.HikariPool - HikariPool-2 - Fill pool skipped, pool is at sufficient level.
2021-02-17 05:38:43 [DEBUG] com.zaxxer.hikari.pool.PoolBase - HikariPool-2 - Closing connection net.sf.log4jdbc.sql.jdbcapi.ConnectionSpy@8264504: (connection has passed maxLifetime)
2021-02-17 05:38:43 [DEBUG] com.zaxxer.hikari.pool.HikariPool - HikariPool-2 - Fill pool skipped, pool is at sufficient level.
2021-02-17 05:38:43 [DEBUG] com.zaxxer.hikari.pool.PoolBase - HikariPool-2 - Closing connection net.sf.log4jdbc.sql.jdbcapi.ConnectionSpy@ee0b01: (connection has passed maxLifetime)
2021-02-17 05:38:43 [DEBUG] com.zaxxer.hikari.pool.HikariPool - HikariPool-2 - Fill pool skipped, pool is at sufficient level.
